<?xml version="1.0" encoding="utf-8"?><testsuites name="pytest tests"><testsuite name="pytest" errors="0" failures="0" skipped="0" tests="26" time="7.421" timestamp="2026-09-19T20:08:57.044415+00:00" hostname="agent-env-5dfe2cc2-019c-44d8-8357-3bc6a8d3a2e1"><testcase classname="tests.test_new_features.TestEmergencyContacts" name="test_requires_auth" time="0.214" /><testcase classname="tests.test_new_features.TestEmergencyContacts" name="test_create" time="0.514" /><testcase classname="tests.test_new_features.TestEmergencyContacts" name="test_list_contains" time="0.107" /><testcase classname="tests.test_new_features.TestEmergencyContacts" name="test_invalid_kind" time="0.066" /><testcase classname="tests.test_new_features.TestEmergencyContacts" name="test_empty_name" time="0.067" /><testcase classname="tests.test_new_features.TestReminders" name="test_requires_auth" time="1.053" /><testcase classname="tests.test_new_features.TestEmergencyContacts" name="test_delete" time="0.141" /><testcase classname="tests.test_new_features.TestReminders" name="test_shape" time="0.068" /><testcase classname="tests.test_new_features.TestEmergencyContacts" name="test_delete_unknown" time="0.066" /><testcase classname="tests.test_new_features.TestReminders" name="test_oil_overdue" time="0.111" /><testcase classname="tests.test_new_features.TestBikePhoto" name="test_requires_auth" time="0.065" /><testcase classname="tests.test_new_features.TestReminders" name="test_chain_lube_ok" time="0.074" /><testcase classname="tests.test_new_features.TestBikePhoto" name="test_unsupported_type" time="0.192" /><testcase classname="tests.test_new_features.TestReminders" name="test_unknown_items" time="0.069" /><testcase classname="tests.test_new_features.TestReminders" name="test_patch_odometer" time="0.255" /><testcase classname="tests.test_new_features.TestBikePhoto" name="test_upload_png" time="0.308" /><testcase classname="tests.test_new_features.TestReminders" name="test_patch_odometer_negative" time="0.259" /><testcase classname="tests.test_new_features.TestBikePhoto" name="test_fetch_file_with_token_query" time="0.273" /><testcase classname="tests.test_new_features.TestTranscriptions" name="test_requires_auth" time="0.072" /><testcase classname="tests.test_new_features.TestTranscriptions" name="test_empty_file" time="0.119" /><testcase classname="tests.test_new_features.TestBikePhoto" name="test_fetch_unknown_path_404" time="0.152" /><testcase classname="tests.test_new_features.TestTranscriptions" name="test_transcribe_wav_tone" time="3.827" /><testcase classname="tests.test_new_features.TestBikePhoto" name="test_fetch_file_requires_token" time="1.427" /><testcase classname="tests.test_new_features.TestRegression" name="test_guides_list" time="0.072" /><testcase classname="tests.test_new_features.TestRegression" name="test_diag_categories" time="0.064" /><testcase classname="tests.test_new_features.TestRegression" name="test_chat_still_works" time="1.037" /></testsuite></testsuites>