<?xml version="1.0" encoding="utf-8"?><testsuites name="pytest tests"><testsuite name="pytest" errors="0" failures="0" skipped="0" tests="11" time="4.270" timestamp="2026-09-19T20:27:20.066859+00:00" hostname="agent-env-5dfe2cc2-019c-44d8-8357-3bc6a8d3a2e1"><testcase classname="tests.test_iteration3.TestRegression" name="test_guides_still_ok" time="0.205" /><testcase classname="tests.test_iteration3.TestChatSessions" name="test_requires_auth_list" time="0.209" /><testcase classname="tests.test_iteration3.TestRegression" name="test_diag_categories_ok" time="0.062" /><testcase classname="tests.test_iteration3.TestChatSessions" name="test_requires_auth_delete" time="0.103" /><testcase classname="tests.test_iteration3.TestRegression" name="test_root_health" time="0.075" /><testcase classname="tests.test_iteration3.TestChatSessions" name="test_create_session_via_chat" time="2.792" /><testcase classname="tests.test_iteration3.TestChatSessions" name="test_sessions_list_shape_and_contains" time="0.564" /><testcase classname="tests.test_iteration3.TestChatSessions" name="test_history_still_works" time="0.066" /><testcase classname="tests.test_iteration3.TestChatSessions" name="test_delete_session" time="0.068" /><testcase classname="tests.test_iteration3.TestChatSessions" name="test_deleted_session_gone" time="0.067" /><testcase classname="tests.test_iteration3.TestChatSessions" name="test_delete_unknown_404" time="0.066" /></testsuite></testsuites>