<?xml version="1.0" encoding="utf-8"?><testsuites name="pytest tests"><testsuite name="pytest" errors="0" failures="0" skipped="0" tests="24" time="7.825" timestamp="2026-09-19T19:36:35.293853+00:00" hostname="agent-env-5dfe2cc2-019c-44d8-8357-3bc6a8d3a2e1"><testcase classname="tests.test_motoresq_api.TestDiagnostics" name="test_categories" time="0.232" /><testcase classname="tests.test_motoresq_api.TestAuth" name="test_login_existing" time="0.463" /><testcase classname="tests.test_motoresq_api.TestDiagnostics" name="test_get_category" time="0.223" /><testcase classname="tests.test_motoresq_api.TestDiagnostics" name="test_get_category_404" time="0.064" /><testcase classname="tests.test_motoresq_api.TestAuth" name="test_login_wrong_password" time="0.334" /><testcase classname="tests.test_motoresq_api.TestDiagnostics" name="test_analyze_match" time="0.269" /><testcase classname="tests.test_motoresq_api.TestDiagnostics" name="test_analyze_no_match" time="0.062" /><testcase classname="tests.test_motoresq_api.TestAuth" name="test_signup_new_user" time="0.302" /><testcase classname="tests.test_motoresq_api.TestAuth" name="test_signup_duplicate" time="0.222" /><testcase classname="tests.test_motoresq_api.TestMaintenance" name="test_add" time="0.530" /><testcase classname="tests.test_motoresq_api.TestMaintenance" name="test_list_contains" time="0.230" /><testcase classname="tests.test_motoresq_api.TestMaintenance" name="test_delete" time="0.140" /><testcase classname="tests.test_motoresq_api.TestAuth" name="test_me" time="0.371" /><testcase classname="tests.test_motoresq_api.TestAuth" name="test_me_missing_token" time="0.118" /><testcase classname="tests.test_motoresq_api.TestTTS" name="test_tts_returns_mp3" time="3.340" /><testcase classname="tests.test_motoresq_api.TestGuides" name="test_list" time="3.286" /><testcase classname="tests.test_motoresq_api.TestTTS" name="test_tts_empty_text" time="0.067" /><testcase classname="tests.test_motoresq_api.TestGuides" name="test_detail" time="0.116" /><testcase classname="tests.test_motoresq_api.TestTTS" name="test_tts_requires_auth" time="0.088" /><testcase classname="tests.test_motoresq_api.TestGuides" name="test_detail_404" time="0.114" /><testcase classname="tests.test_motoresq_api.TestAIChat" name="test_chat_reply" time="2.061" /><testcase classname="tests.test_motoresq_api" name="test_health" time="0.075" /><testcase classname="tests.test_motoresq_api.TestMotorcycle" name="test_update_and_persist" time="0.156" /><testcase classname="tests.test_motoresq_api.TestAIChat" name="test_chat_requires_auth" time="0.178" /></testsuite></testsuites>